"../../../../../../Unreal Projects/CoopGame/Content/AnimStarterPack/UE4_Mannequin/Mesh/UE4_Mannequin_Skeleton.uasset" 0
"../../../../../../Unreal Projects/CoopGame/Content/AnimStarterPack/Aim_Space_Hip.uasset" 1
"../../../../../../Unreal Projects/CoopGame/Content/AnimStarterPack/Aim_Space_Ironsights.uasset" 2
"../../../../../../Unreal Projects/CoopGame/Content/AnimStarterPack/Crouch_to_Stand_Rifle_Hip.uasset" 3
"../../../../../../Unreal Projects/CoopGame/Content/AnimStarterPack/Crouch_to_Stand_Rifle_Ironsights.uasset" 4
"../../../../../../Unreal Projects/CoopGame/Content/AnimStarterPack/Crouch_Walk_Bwd_Rifle_Ironsights.uasset" 5
"../../../../../../Unreal Projects/CoopGame/Content/AnimStarterPack/Crouch_Walk_Lt_Rifle_Ironsights.uasset" 6
"../../../../../../Unreal Projects/CoopGame/Content/AnimStarterPack/Crouch_Walk_Rt_Rifle_Ironsights.uasset" 7
"../../../../../../Unreal Projects/CoopGame/Content/AnimStarterPack/Death_2.uasset" 8
"../../../../../../Unreal Projects/CoopGame/Content/AnimStarterPack/Death_3.uasset" 9
"../../../../../../Unreal Projects/CoopGame/Content/AnimStarterPack/Death_Ironsights_1.uasset" 10
"../../../../../../Unreal Projects/CoopGame/Content/AnimStarterPack/Death_Ironsights_2.uasset" 11
"../../../../../../Unreal Projects/CoopGame/Content/AnimStarterPack/Equip_Rifle_Standing.uasset" 12
"../../../../../../Unreal Projects/CoopGame/Content/AnimStarterPack/Fire_Rifle_Hip.uasset" 13
"../../../../../../Unreal Projects/CoopGame/Content/AnimStarterPack/Fire_Shotgun_Hip.uasset" 14
"../../../../../../Unreal Projects/CoopGame/Content/AnimStarterPack/Fire_Shotgun_Ironsights.uasset" 15
"../../../../../../Unreal Projects/CoopGame/Content/AnimStarterPack/Hit_React_4.uasset" 16
"../../../../../../Unreal Projects/CoopGame/Content/AnimStarterPack/Idle_Pistol.uasset" 17
"../../../../../../Unreal Projects/CoopGame/Content/AnimStarterPack/Idle_Rifle_Ironsights.uasset" 18
"../../../../../../Unreal Projects/CoopGame/Content/AnimStarterPack/Jump_From_Stand_Ironsights.uasset" 19
"../../../../../../Unreal Projects/CoopGame/Content/AnimStarterPack/Prone_Death_1.uasset" 20
"../../../../../../Unreal Projects/CoopGame/Content/AnimStarterPack/Prone_Death_2.uasset" 21
"../../../../../../Unreal Projects/CoopGame/Content/AnimStarterPack/Prone_Fire_1.uasset" 22
"../../../../../../Unreal Projects/CoopGame/Content/AnimStarterPack/Prone_Fire_2.uasset" 23
"../../../../../../Unreal Projects/CoopGame/Content/AnimStarterPack/Prone_Idle.uasset" 24
"../../../../../../Unreal Projects/CoopGame/Content/AnimStarterPack/Prone_Reload_Rifle.uasset" 25
"../../../../../../Unreal Projects/CoopGame/Content/AnimStarterPack/Prone_Reload_Shotgun.uasset" 26
"../../../../../../Unreal Projects/CoopGame/Content/AnimStarterPack/Prone_To_Stand.uasset" 27
"../../../../../../Unreal Projects/CoopGame/Content/AnimStarterPack/Reload_Pistol.uasset" 28
"../../../../../../Unreal Projects/CoopGame/Content/AnimStarterPack/Reload_Rifle_Ironsights.uasset" 29
"../../../../../../Unreal Projects/CoopGame/Content/AnimStarterPack/Reload_Shotgun_Hip.uasset" 30
"../../../../../../Unreal Projects/CoopGame/Content/AnimStarterPack/Reload_Shotgun_Ironsights.uasset" 31
"../../../../../../Unreal Projects/CoopGame/Content/AnimStarterPack/Sprint_Fwd_Rifle.uasset" 32
"../../../../../../Unreal Projects/CoopGame/Content/AnimStarterPack/Stand_to_Crouch_Rifle_Hip.uasset" 33
"../../../../../../Unreal Projects/CoopGame/Content/AnimStarterPack/Stand_to_Crouch_Rifle_Ironsights.uasset" 34
"../../../../../../Unreal Projects/CoopGame/Content/AnimStarterPack/Stand_To_Prone.uasset" 35
"../../../Engine/Content/Functions/Engine_MaterialFunctions02/Utility/BlendAngleCorrectedNormals.uasset" 36
"../../../Engine/Content/Functions/MaterialLayerFunctions/MatLayerBlend_AO.uasset" 37
"../../../Engine/Content/Functions/MaterialLayerFunctions/MatLayerBlend_NormalBlend.uasset" 38
"../../../Engine/Content/Functions/MaterialLayerFunctions/MatLayerBlend_Simple.uasset" 39
"../../../../../../Unreal Projects/CoopGame/Content/AnimStarterPack/UE4_Mannequin/Materials/MaterialLayers/T_ML_Rubber_Blue_01_D.uasset" 40
"../../../../../../Unreal Projects/CoopGame/Content/AnimStarterPack/UE4_Mannequin/Materials/MaterialLayers/T_ML_Rubber_Blue_01_N.uasset" 41
"../../../../../../Unreal Projects/CoopGame/Content/AnimStarterPack/UE4_Mannequin/Materials/MaterialLayers/ML_GlossyBlack_Latex_UE4.uasset" 42
"../../../../../../Unreal Projects/CoopGame/Content/AnimStarterPack/UE4_Mannequin/Materials/MaterialLayers/ML_Plastic_Shiny_Beige.uasset" 43
"../../../../../../Unreal Projects/CoopGame/Content/AnimStarterPack/UE4_Mannequin/Textures/UE4_LOGO_CARD.uasset" 44
"../../../../../../Unreal Projects/CoopGame/Content/AnimStarterPack/UE4_Mannequin/Materials/MaterialLayers/ML_Plastic_Shiny_Beige_LOGO.uasset" 45
"../../../../../../Unreal Projects/CoopGame/Content/AnimStarterPack/UE4_Mannequin/Materials/MaterialLayers/T_ML_Aluminum01.uasset" 46
"../../../../../../Unreal Projects/CoopGame/Content/AnimStarterPack/UE4_Mannequin/Materials/MaterialLayers/T_ML_Aluminum01_N.uasset" 47
"../../../../../../Unreal Projects/CoopGame/Content/AnimStarterPack/UE4_Mannequin/Materials/MaterialLayers/ML_SoftMetal_UE4.uasset" 48
"../../../../../../Unreal Projects/CoopGame/Content/AnimStarterPack/UE4_Mannequin/Textures/UE4_Mannequin__normals.uasset" 49
"../../../../../../Unreal Projects/CoopGame/Content/AnimStarterPack/UE4_Mannequin/Textures/UE4_Mannequin_MAT_MASKA.uasset" 50
"../../../../../../Unreal Projects/CoopGame/Content/AnimStarterPack/UE4_Mannequin/Textures/UE4_Mannequin_occlusion_Mobile.uasset" 51
"../../../../../../Unreal Projects/CoopGame/Content/AnimStarterPack/UE4_Mannequin/Materials/M_UE4Man_Body.uasset" 52
"../../../../../../Unreal Projects/CoopGame/Content/AnimStarterPack/UE4_Mannequin/Textures/UE4Man_Logo_N.uasset" 53
"../../../../../../Unreal Projects/CoopGame/Content/AnimStarterPack/UE4_Mannequin/Materials/M_UE4Man_ChestLogo.uasset" 54
"../../../../../../Unreal Projects/CoopGame/Content/Core/PhysMat_FleshDefault.uasset" 55
"../../../../../../Unreal Projects/CoopGame/Content/Core/PhysMat_FleshVulnerable.uasset" 56
"../../../../../../Unreal Projects/CoopGame/Content/AnimStarterPack/UE4_Mannequin/Mesh/SK_Mannequin_PhysicsAsset.uasset" 57
"../../../../../../Unreal Projects/CoopGame/Content/AnimStarterPack/UE4_Mannequin/Mesh/SK_Mannequin.uasset" 58
"../../../../../../Unreal Projects/CoopGame/Content/AnimStarterPack/Crouch_Walk_Bwd_Rifle_Hip.uasset" 59
"../../../../../../Unreal Projects/CoopGame/Content/AnimStarterPack/Crouch_Walk_Fwd_Rifle_Hip.uasset" 60
"../../../../../../Unreal Projects/CoopGame/Content/AnimStarterPack/Crouch_Walk_Lt_Rifle_Hip.uasset" 61
"../../../../../../Unreal Projects/CoopGame/Content/AnimStarterPack/Crouch_Walk_Rt_Rifle_Hip.uasset" 62
"../../../../../../Unreal Projects/CoopGame/Content/AnimStarterPack/BS_CrouchWalk.uasset" 63
"../../../../../../Unreal Projects/CoopGame/Content/AnimStarterPack/Jog_Bwd_Rifle.uasset" 64
"../../../../../../Unreal Projects/CoopGame/Content/AnimStarterPack/Jog_Fwd_Rifle.uasset" 65
"../../../../../../Unreal Projects/CoopGame/Content/AnimStarterPack/Jog_Lt_Rifle.uasset" 66
"../../../../../../Unreal Projects/CoopGame/Content/AnimStarterPack/Jog_Rt_Rifle.uasset" 67
"../../../../../../Unreal Projects/CoopGame/Content/AnimStarterPack/BS_Jog.uasset" 68
"../../../../../../Unreal Projects/CoopGame/Content/AnimStarterPack/Crouch_Idle_Rifle_Hip.uasset" 69
"../../../../../../Unreal Projects/CoopGame/Content/AnimStarterPack/Death_1.uasset" 70
"../../../../../../Unreal Projects/CoopGame/Content/AnimStarterPack/Idle_Rifle_Hip.uasset" 71
"../../../../../../Unreal Projects/CoopGame/Content/AnimStarterPack/Jump_From_Jog.uasset" 72
"../../../../../../Unreal Projects/CoopGame/Content/AnimStarterPack/Jump_From_Stand.uasset" 73
"../../../../../../Unreal Projects/CoopGame/Content/AnimStarterPack/UE4ASP_HeroTPP_AnimBlueprint.uasset" 74
"../../../../../../Unreal Projects/CoopGame/Content/AnimStarterPack/Ue4ASP_Character.uasset" 75
"../../../../../../Unreal Projects/CoopGame/Content/AnimStarterPack/Walk_Bwd_Rifle_Ironsights.uasset" 76
"../../../../../../Unreal Projects/CoopGame/Content/AnimStarterPack/Walk_Lt_Rifle_Ironsights.uasset" 77
"../../../../../../Unreal Projects/CoopGame/Content/AnimStarterPack/Walk_Rt_Rifle_Ironsights.uasset" 78
"../../../../../../Unreal Projects/CoopGame/Content/Blueprints/BP_EQSTestingPawn.uasset" 79
"../../../../../../Unreal Projects/CoopGame/Content/WeaponEffects/Explosion/T_Smoke_Tiled_D.uasset" 80
"../../../../../../Unreal Projects/CoopGame/Content/WeaponEffects/Explosion/T_Smoke_SubUV.uasset" 81
"../../../../../../Unreal Projects/CoopGame/Content/WeaponEffects/Explosion/M_smoke_subUV.uasset" 82
"../../../Engine/Content/Functions/Engine_MaterialFunctions01/Gradient/RadialGradient.uasset" 83
"../../../../../../Unreal Projects/CoopGame/Content/WeaponEffects/Explosion/M_radial_ramp.uasset" 84
"../../../../../../Unreal Projects/CoopGame/Content/WeaponEffects/Explosion/m_flare_01.uasset" 85
"../../../../../../Unreal Projects/CoopGame/Content/WeaponEffects/Explosion/T_Explosion_SubUV.uasset" 86
"../../../../../../Unreal Projects/CoopGame/Content/WeaponEffects/Explosion/M_explosion_subUV.uasset" 87
"../../../../../../Unreal Projects/CoopGame/Content/WeaponEffects/Explosion/T_Burst_M.uasset" 88
"../../../../../../Unreal Projects/CoopGame/Content/WeaponEffects/Explosion/M_Burst.uasset" 89
"../../../../../../Unreal Projects/CoopGame/Content/WeaponEffects/Explosion/P_Explosion.uasset" 90
"../../../Engine/Content/Functions/Engine_MaterialFunctions01/Opacity/CameraDepthFade.uasset" 91
"../../../Engine/Content/EngineMaterials/T_Default_Material_Grid_N.uasset" 92
"../../../Engine/Content/EngineMaterials/T_Default_Material_Grid_M.uasset" 93
"../../../Engine/Content/EngineMaterials/DefaultMaterial.uasset" 94
"../../../Engine/Content/BasicShapes/Sphere.uasset" 95
"../../../Engine/Content/BasicShapes/BasicShapeMaterial.uasset" 96
"../../../../../../Unreal Projects/CoopGame/Content/Blueprints/BP_Projectile.uasset" 97
"../../../../../../Unreal Projects/CoopGame/Content/Weapons/Launcher_Skeleton.uasset" 98
"../../../../../../Unreal Projects/CoopGame/Content/Weapons/MagGun_01_N.uasset" 99
"../../../../../../Unreal Projects/CoopGame/Content/Weapons/M_Weapon01.uasset" 100
"../../../../../../Unreal Projects/CoopGame/Content/Weapons/Launcher_02_N.uasset" 101
"../../../../../../Unreal Projects/CoopGame/Content/Weapons/MI_Launcher02.uasset" 102
"../../../../../../Unreal Projects/CoopGame/Content/Weapons/Launcher_01_N.uasset" 103
"../../../../../../Unreal Projects/CoopGame/Content/Weapons/MI_Launcher01.uasset" 104
"../../../../../../Unreal Projects/CoopGame/Content/Weapons/Launcher.uasset" 105
"../../../../../../Unreal Projects/CoopGame/Content/Blueprints/BP_GrenadeLauncher.uasset" 106
"../../../../../../Unreal Projects/CoopGame/Content/Blueprints/BP_TargetDummy.uasset" 107
"../../../../../../Unreal Projects/CoopGame/Content/TrackerBot/M_TrackerBot.uasset" 108
"../../../../../../Unreal Projects/CoopGame/Content/TrackerBot/SM_TrackerBot.uasset" 109
"../../../../../../Unreal Projects/CoopGame/Content/TrackerBot/Explosion01.uasset" 110
"../../../../../../Unreal Projects/CoopGame/Content/TrackerBot/TrackerBotAttenuation.uasset" 111
"../../../../../../Unreal Projects/CoopGame/Content/TrackerBot/Explosion01_Cue.uasset" 112
"../../../../../../Unreal Projects/CoopGame/Content/TrackerBot/DroneTracker_explodewarning.uasset" 113
"../../../../../../Unreal Projects/CoopGame/Content/TrackerBot/DroneTracker_explodewarning_Cue.uasset" 114
"../../../../../../Unreal Projects/CoopGame/Content/TrackerBot/ball_roll_03_loop.uasset" 115
"../../../../../../Unreal Projects/CoopGame/Content/TrackerBot/ball_roll_03_loop_Cue.uasset" 116
"../../../../../../Unreal Projects/CoopGame/Content/TrackerBot/BP_TrackerBot.uasset" 117
"../../../../../../Unreal Projects/CoopGame/Content/Blueprints/BP_TrackerBot.uasset" 118
"../../../../../../Unreal Projects/CoopGame/Content/Meshes/M_TrackerBot.uasset" 119
"../../../../../../Unreal Projects/CoopGame/Content/Meshes/SM_TrackerBot.uasset" 120
"../../../../../../Unreal Projects/CoopGame/Content/Powerups/Material.uasset" 121
"../../../../../../Unreal Projects/CoopGame/Content/Powerups/Pickup_ammo.uasset" 122
"../../../../../../Unreal Projects/CoopGame/Content/Powerups/Pickup_powerup.uasset" 123
"../../../../../../Unreal Projects/CoopGame/Content/Powerups/Pickup_weapon.uasset" 124
"../../../../../../Unreal Projects/CoopGame/Content/Powerups/powerdown_01.uasset" 125
"../../../../../../Unreal Projects/CoopGame/Content/Powerups/powerdown_02.uasset" 126
"../../../../../../Unreal Projects/CoopGame/Content/Powerups/powerup_loop_01.uasset" 127
"../../../../../../Unreal Projects/CoopGame/Content/Powerups/powerup_loop_02.uasset" 128
"../../../../../../Unreal Projects/CoopGame/Content/Powerups/respawn_01.uasset" 129
"../../../../../../Unreal Projects/CoopGame/Content/Powerups/T_CircleMask.uasset" 130
"../../../../../../Unreal Projects/CoopGame/Content/Powerups/T_CircleMask2.uasset" 131
"../../../../../../Unreal Projects/CoopGame/Content/Powerups/Powerups/Effects/clouds_dust_detail_01.uasset" 132
"../../../../../../Unreal Projects/CoopGame/Content/Powerups/Powerups/Effects/Coin2.uasset" 133
"../../../../../../Unreal Projects/CoopGame/Content/Powerups/Powerups/Effects/gold_ore_circle2.uasset" 134
"../../../../../../Unreal Projects/CoopGame/Content/Powerups/Powerups/Effects/gold_ore_effect.uasset" 135
"../../../../../../Unreal Projects/CoopGame/Content/Powerups/Powerups/Effects/m_flare_03.uasset" 136
"../../../../../../Unreal Projects/CoopGame/Content/Powerups/Powerups/Effects/M_single_ray_01.uasset" 137
"../../../../../../Unreal Projects/CoopGame/Content/Powerups/Powerups/Effects/M_Volumetric_Streaks.uasset" 138
"../../../../../../Unreal Projects/CoopGame/Content/Powerups/Powerups/Effects/M_wind_swirl_02.uasset" 139
"../../../../../../Unreal Projects/CoopGame/Content/Powerups/Powerups/Effects/P_gold_ore_appearance.uasset" 140
"../../../../../../Unreal Projects/CoopGame/Content/Powerups/Powerups/Effects/P_gold_ore_aura.uasset" 141
"../../../../../../Unreal Projects/CoopGame/Content/Powerups/Powerups/Effects/P_gold_ore_lost.uasset" 142
"../../../Engine/Content/EngineMaterials/WorldGridMaterial.uasset" 143
"../../../../../../Unreal Projects/CoopGame/Content/Powerups/Powerups/Effects/P_gold_ore_received.uasset" 144
"../../../../../../Unreal Projects/CoopGame/Content/Powerups/Powerups/Effects/round_mask.uasset" 145
"../../../../../../Unreal Projects/CoopGame/Content/Powerups/Powerups/Effects/SM_plane_pivot_down.uasset" 146
"../../../../../../Unreal Projects/CoopGame/Content/Powerups/Powerups/Effects/sunflare.uasset" 147
"../../../../../../Unreal Projects/CoopGame/Content/Powerups/Powerups/Effects/S_SandSwirl.uasset" 148
"../../../../../../Unreal Projects/CoopGame/Content/Powerups/Powerups/Effects/T_Fire_tile.uasset" 149
"../../../../../../Unreal Projects/CoopGame/Content/Powerups/Powerups/Effects/T_Flame_Tile.uasset" 150
"../../../../../../Unreal Projects/CoopGame/Content/Powerups/Powerups/Effects/T_MeshFire_Mask.uasset" 151
"../../../../../../Unreal Projects/CoopGame/Content/Powerups/Powerups/Effects/T_Smoke2_Tile.uasset" 152
"../../../../../../Unreal Projects/CoopGame/Content/TrackerBot/ball_roll_01g.uasset" 153
"../../../../../../Unreal Projects/CoopGame/Content/TrackerBot/ball_roll_02_loop.uasset" 154
"../../../../../../Unreal Projects/CoopGame/Content/TrackerBot/ball_roll_04_loop.uasset" 155
"../../../../../../Unreal Projects/CoopGame/Content/TrackerBot/DroneTracker_idle.uasset" 156
"../../../../../../Unreal Projects/CoopGame/Content/TrackerBot/DroneTracker_spotted.uasset" 157
"../../../../../../Unreal Projects/CoopGame/Content/WeaponEffects/ShellEject/M_ShellEjectMetal.uasset" 158
"../../../../../../Unreal Projects/CoopGame/Content/WeaponEffects/ShellEject/SM_ShellEject.uasset" 159
"../../../../../../Unreal Projects/CoopGame/Content/WeaponEffects/ShellEject/P_Rifle_ShellEject.uasset" 160
"../../../Engine/Content/Animation/DefaultAnimBoneCompressionSettings.uasset" 161
"../../../Engine/Content/Animation/DefaultAnimCurveCompressionSettings.uasset" 162
"../../../Engine/Content/ArtTools/RenderToTexture/Meshes/S_1_Unit_Plane.uasset" 163
"../../../Engine/Content/BasicShapes/Cone.uasset" 164
"../../../Engine/Content/BasicShapes/Plane.uasset" 165
"../../../Engine/Content/EditorLandscapeResources/DataLayer.uasset" 166
"../../../Engine/Content/EditorLandscapeResources/DefaultAlphaTexture.uasset" 167
"../../../Engine/Content/EditorMaterials/MAT_Groups_Toggle.uasset" 168
"../../../Engine/Content/EditorMaterials/MAT_Groups_Visibility.uasset" 169
"../../../Engine/Content/EditorMaterials/PreviewShadowIndicator.uasset" 170
"../../../Engine/Content/EditorMaterials/PreviewShadowIndicatorMaterial.uasset" 171
"../../../Engine/Content/EditorMaterials/MatineeGroups/MAT_ColorTrack.uasset" 172
"../../../Engine/Content/EditorMaterials/MatineeGroups/MAT_Groups_Anim.uasset" 173
"../../../Engine/Content/EditorMaterials/MatineeGroups/MAT_Groups_AudioMaster.uasset" 174
"../../../Engine/Content/EditorMaterials/MatineeGroups/MAT_Groups_Director.uasset" 175
"../../../Engine/Content/EditorMaterials/MatineeGroups/MAT_Groups_Event.uasset" 176
"../../../Engine/Content/EditorMaterials/MatineeGroups/MAT_Groups_Fade.uasset" 177
"../../../Engine/Content/EditorMaterials/MatineeGroups/MAT_Groups_Float.uasset" 178
"../../../Engine/Content/EditorMaterials/MatineeGroups/MAT_Groups_Move.uasset" 179
"../../../Engine/Content/EditorMaterials/MatineeGroups/MAT_Groups_Slomo.uasset" 180
"../../../Engine/Content/EditorMaterials/MatineeGroups/MAT_Groups_Sound.uasset" 181
"../../../Engine/Content/EditorMaterials/MatineeGroups/MAT_Groups_Vector.uasset" 182
"../../../Engine/Content/EditorMaterials/ParticleSystems/PSysThumbnail_NoImage.uasset" 183
"../../../Engine/Content/EditorMaterials/ParticleSystems/PSysThumbnail_OOD.uasset" 184
"../../../Engine/Content/EditorMaterials/Camera/CineMat.uasset" 185
"../../../Engine/Content/EditorMaterials/Camera/MI_CineMat_Rig.uasset" 186
"../../../Engine/Content/EditorMeshes/Camera/SM_CraneRig_Arm.uasset" 187
"../../../Engine/Content/EditorMeshes/Camera/SM_CraneRig_Base.uasset" 188
"../../../Engine/Content/EditorMeshes/Camera/SM_CraneRig_Body.uasset" 189
"../../../Engine/Content/EditorMeshes/Camera/SM_CraneRig_Mount.uasset" 190
"../../../Engine/Content/EditorMeshes/Camera/SM_RailRig_Mount.uasset" 191
"../../../Engine/Content/EditorMeshes/Camera/SM_RailRig_Track.uasset" 192
"../../../Engine/Content/EditorResources/BSPVertex.uasset" 193
"../../../Engine/Content/EditorResources/EmptyActor.uasset" 194
"../../../Engine/Content/EditorResources/S_Actor.uasset" 195
"../../../Engine/Content/EditorResources/S_Note.uasset" 196
"../../../Engine/Content/EditorResources/S_Solver.uasset" 197
"../../../Engine/Content/EditorResources/S_Terrain.uasset" 198
"../../../Engine/Content/EditorResources/S_Trigger.uasset" 199
"../../../Engine/Content/EditorResources/LightIcons/S_LightError.uasset" 200
"../../../Engine/Content/EditorResources/SequenceRecorder/Countdown.uasset" 201
"../../../Engine/Content/EditorResources/SequenceRecorder/RecordingIndicator.uasset" 202
"../../../Engine/Content/EngineDamageTypes/DmgTypeBP_Environmental.uasset" 203
"../../../Engine/Content/EngineDebugMaterials/DebugEditorMaterial.uasset" 204
"../../../Engine/Content/EngineDebugMaterials/DebugMeshMaterial.uasset" 205
"../../../Engine/Content/EngineDebugMaterials/M_SimpleUnlitTranslucent.uasset" 206
"../../../Engine/Content/EngineDebugMaterials/VolumeToRender.uasset" 207
"../../../Engine/Content/Functions/Engine_MaterialFunctions02/Utility/CameraDirectionVector.uasset" 208
"../../../Engine/Content/EngineDebugMaterials/M_VolumeRenderSphereTracePP.uasset" 209
"../../../Engine/Content/Functions/Engine_MaterialFunctions01/Shading/ConvertFromDiffSpec.uasset" 210
"../../../Engine/Content/EngineDebugMaterials/VertexColorMaterial.uasset" 211
"../../../Engine/Content/EngineDebugMaterials/WireframeMaterial.uasset" 212
"../../../Engine/Content/EngineFonts/Faces/RobotoRegular.uasset" 213
"../../../Engine/Content/EngineFonts/Faces/RobotoLight.uasset" 214
"../../../Engine/Content/EngineFonts/Faces/RobotoItalic.uasset" 215
"../../../Engine/Content/EngineFonts/Faces/RobotoBoldItalic.uasset" 216
"../../../Engine/Content/EngineFonts/Faces/RobotoBold.uasset" 217
"../../../Engine/Content/EngineFonts/Faces/DroidSansFallback.uasset" 218
"../../../Engine/Content/EngineFonts/Roboto.uasset" 219
"../../../Engine/Content/EngineMaterials/BaseFlattenNormalMap.uasset" 220
"../../../Engine/Content/EngineMaterials/BaseFlattenGrayscaleMap.uasset" 221
"../../../Engine/Content/EngineMaterials/BaseFlattenEmissiveMap.uasset" 222
"../../../Engine/Content/EngineMaterials/BaseFlattenDiffuseMap.uasset" 223
"../../../Engine/Content/EngineMaterials/BaseFlattenMaterial.uasset" 224
"../../../Engine/Content/EngineMaterials/BlueNoise.uasset" 225
"../../../Engine/Content/EngineMaterials/DefaultBloomKernel.uasset" 226
"../../../Engine/Content/EngineMaterials/DefaultBokeh.uasset" 227
"../../../Engine/Content/EngineMaterials/DefaultDiffuse.uasset" 228
"../../../Engine/Content/EngineMaterials/DefaultDeferredDecalMaterial.uasset" 229
"../../../Engine/Content/EngineMaterials/DefaultLightFunctionMaterial.uasset" 230
"../../../Engine/Content/EngineMaterials/DefaultPhysicalMaterial.uasset" 231
"../../../Engine/Content/Functions/Engine_MaterialFunctions02/Utility/BreakOutFloat2Components.uasset" 232
"../../../Engine/Content/EngineMaterials/DefaultPostProcessMaterial.uasset" 233
"../../../Engine/Content/EngineFonts/RobotoDistanceField.uasset" 234
"../../../Engine/Content/EngineMaterials/DefaultTextMaterialOpaque.uasset" 235
"../../../Engine/Content/EngineMaterials/DefaultWhiteGrid.uasset" 236
"../../../Engine/Content/EngineMaterials/DefaultWhiteGrid_Low.uasset" 237
"../../../Engine/Content/EngineMaterials/EmissiveMeshMaterial.uasset" 238
"../../../Engine/Content/EngineMaterials/GizmoMaterial.uasset" 239
"../../../Engine/Content/EngineMaterials/Good64x64TilingNoiseHighFreq.uasset" 240
"../../../Engine/Content/EngineMaterials/MiniFont.uasset" 241
"../../../Engine/Content/EngineMaterials/InvalidLightmapSettings.uasset" 242
"../../../Engine/Content/EngineMaterials/M_InvalidLightmapSettings.uasset" 243
"../../../Engine/Content/Functions/Engine_MaterialFunctions02/WorldPositionOffset/CameraOffset.uasset" 244
"../../../Engine/Content/EngineMaterials/PhAT_JointLimitMaterial.uasset" 245
"../../../Engine/Content/EngineMaterials/PreintegratedSkinBRDF.uasset" 246
"../../../Engine/Content/EngineMaterials/RemoveSurfaceMaterial.uasset" 247
"../../../Engine/Content/EngineMaterials/WeightMapPlaceholderTexture.uasset" 248
"../../../Engine/Content/EngineResources/WhiteSquareTexture.uasset" 249
"../../../Engine/Content/EngineMaterials/Widget3DPassThrough.uasset" 250
"../../../Engine/Content/EngineMaterials/Widget3DPassThrough_Masked.uasset" 251
"../../../Engine/Content/EngineMaterials/Widget3DPassThrough_Opaque.uasset" 252
"../../../Engine/Content/EngineMaterials/Widget3DPassThrough_Masked_OneSided.uasset" 253
"../../../Engine/Content/EngineMaterials/Widget3DPassThrough_Opaque_OneSided.uasset" 254
"../../../Engine/Content/EngineMaterials/Widget3DPassThrough_Translucent.uasset" 255
"../../../Engine/Content/EngineMaterials/Widget3DPassThrough_Translucent_OneSided.uasset" 256
"../../../Engine/Content/EngineMeshes/Cylinder.uasset" 257
"../../../Engine/Content/EngineMeshes/Sphere.uasset" 258
"../../../Engine/Content/EngineResources/Black.uasset" 259
"../../../Engine/Content/EngineResources/DefaultTextureCube.uasset" 260
"../../../Engine/Content/EngineResources/DefaultVolumeTexture2D.uasset" 261
"../../../Engine/Content/EngineResources/DefaultVolumeTexture.uasset" 262
"../../../Engine/Content/EngineResources/GradientTexture0.uasset" 263
"../../../Engine/Content/EngineSky/VolumetricClouds/T_NoiseShape64.uasset" 264
"../../../Engine/Content/EngineSky/VolumetricClouds/T_VolumeNoiseShape64.uasset" 265
"../../../Engine/Content/EngineSky/VolumetricClouds/T_NoiseErosion.uasset" 266
"../../../Engine/Content/EngineSky/VolumetricClouds/T_VolumeNoiseErosion32.uasset" 267
"../../../Engine/Content/EngineSky/VolumetricClouds/CloudWeatherTexture.uasset" 268
"../../../Engine/Content/EngineSky/VolumetricClouds/CloudGradientTexture.uasset" 269
"../../../Engine/Content/Functions/Engine_MaterialFunctions02/Utility/MakeFloat2.uasset" 270
"../../../Engine/Content/EngineSky/VolumetricClouds/m_SimpleVolumetricCloud.uasset" 271
"../../../Engine/Content/EngineSky/VolumetricClouds/m_SimpleVolumetricCloud_Inst.uasset" 272
"../../../Engine/Content/EngineSounds/Master.uasset" 273
"../../../Engine/Content/Functions/Engine_MaterialFunctions01/Shading/PowerToRoughness.uasset" 274
"../../../Engine/Content/Maps/Templates/Thumbnails/Default.uasset" 275
"../../../Engine/Content/Maps/Templates/Thumbnails/TimeOfDay.uasset" 276
"../../../Engine/Content/Maps/Templates/Thumbnails/VR-Basic.uasset" 277
"../../../Engine/Content/MobileResources/T_MobileControls_texture.uasset" 278
"../../../Engine/Content/MobileResources/T_MobileMenu2.uasset" 279
"../../../Engine/Content/MobileResources/HUD/AnalogHat.uasset" 280
"../../../Engine/Content/MobileResources/HUD/VirtualJoystick_Thumb.uasset" 281
"../../../Engine/Content/MobileResources/HUD/VirtualJoystick_Background.uasset" 282
"../../../Engine/Content/MobileResources/HUD/DefaultVirtualJoysticks.uasset" 283
"../../../Engine/Content/MobileResources/HUD/LeftVirtualJoystickOnly.uasset" 284
"../../../Engine/Content/MobileResources/HUD/MobileHUDButton1_off.uasset" 285
"../../../Engine/Content/MobileResources/HUD/MobileHUDButton1_on.uasset" 286
"../../../Engine/Content/MobileResources/HUD/MobileHUDButton2_off.uasset" 287
"../../../Engine/Content/MobileResources/HUD/MobileHUDButton2_on.uasset" 288
"../../../Engine/Content/MobileResources/HUD/MobileHUDButton3.uasset" 289
"../../../Engine/Content/MobileResources/HUD/MobileHUDButtonFire.uasset" 290
"../../../Engine/Content/MobileResources/HUD/MobileHUDDirectionPad.uasset" 291
"../../../Engine/Content/MobileResources/HUD/MobileHUDDirectionPad2.uasset" 292
"../../../Engine/Content/MobileResources/HUD/MobileHUDDirectionPad3.uasset" 293
"../../../Engine/Content/MobileResources/HUD/MobileHUDDirectionStick.uasset" 294
"../../../Engine/Content/MobileResources/HUD/T_Castle_ThumbstickInner.uasset" 295
"../../../Engine/Content/MobileResources/HUD/T_Castle_ThumbstickOutter.uasset" 296
"../../../Engine/Content/Tutorial/ContentIntroCurve.uasset" 297
"../../../Engine/Content/Tutorial/Basics/LevelEditorAttract.uasset" 298
"../../../Engine/Content/Tutorial/Basics/TutorialAssets/icon_tab_Levels_40x.uasset" 299
"../../../Engine/Content/Tutorial/Basics/LevelEditorOverview.uasset" 300
"../../../Engine/Content/VREditor/TransformGizmo/TranslucentTransformGizmoMaterial.uasset" 301
"../../../Engine/Content/VREditor/LaserPointer/VR_LaserPower_01.uasset" 302
"../../../Engine/Content/VREditor/TransformGizmo/TransformGizmoMaterial.uasset" 303
"../../../Engine/Content/VREditor/TransformGizmo/BoundingBoxCorner.uasset" 304
"../../../Engine/Content/VREditor/TransformGizmo/BoundingBoxEdge.uasset" 305
"../../../Engine/Content/VREditor/TransformGizmo/PlaneTranslationHandle.uasset" 306
"../../../Engine/Content/VREditor/TransformGizmo/Xray.uasset" 307
"../../../Engine/Content/VREditor/TransformGizmo/Main.uasset" 308
"../../../Engine/Content/VREditor/TransformGizmo/SM_Sequencer_Key.uasset" 309
"../../../Engine/Content/VREditor/TransformGizmo/SM_Sequencer_Node.uasset" 310
"../../Plugins/2D/Paper2D/Content/PlaceholderTextures/DummySpriteTexture.uasset" 311
"../../Plugins/2D/Paper2D/Content/DummySprite.uasset" 312
"../../Plugins/2D/Paper2D/Content/DefaultPaperTerrainMaterial.uasset" 313
"../../Plugins/2D/Paper2D/Content/DefaultSpriteMaterial.uasset" 314
"../../Plugins/2D/Paper2D/Content/MaskedUnlitSpriteMaterial.uasset" 315
"../../Plugins/2D/Paper2D/Content/OpaqueUnlitSpriteMaterial.uasset" 316
"../../../Engine/Content/Functions/Engine_MaterialFunctions02/Utility/BreakOutFloat3Components.uasset" 317
"../../Plugins/Editor/SpeedTreeImporter/Content/SpeedTree9/UnpackInteger3.uasset" 318
"../../Plugins/Editor/SpeedTreeImporter/Content/SpeedTree9/UnpackDirection.uasset" 319
"../../Plugins/Editor/SpeedTreeImporter/Content/SpeedTree9/game_wind_noise.uasset" 320
"../../../Engine/Content/Functions/Engine_MaterialFunctions02/SafeNormalize.uasset" 321
"../../Plugins/Editor/SpeedTreeImporter/Content/SpeedTree9/SpeedTreeWindMotion.uasset" 322
"../../Plugins/Editor/SpeedTreeImporter/Content/SpeedTree9/SpeedTreeBranchMotion.uasset" 323
"../../../Engine/Content/Functions/Engine_MaterialFunctions02/ObjectLocalBounds.uasset" 324
"../../../Engine/Content/Functions/Engine_MaterialFunctions02/UVs/BoundingBoxBased_0-1_UVW.uasset" 325
"../../Plugins/Editor/SpeedTreeImporter/Content/SpeedTree9/SpeedTreeWind.uasset" 326
"../../Plugins/Editor/SpeedTreeImporter/Content/SpeedTree9/SpeedTreeBillboard.uasset" 327
"../../../Engine/Content/EngineResources/DefaultTexture.uasset" 328
"../../Plugins/Editor/SpeedTreeImporter/Content/SpeedTree9/SpeedTreeBillboardMaster.uasset" 329
"../../Plugins/Editor/SpeedTreeImporter/Content/SpeedTree9/SpeedTreeCameraFacing.uasset" 330
"../../Plugins/Editor/SpeedTreeImporter/Content/SpeedTree9/SpeedTreeMaster.uasset" 331
"../../../Engine/Content/BasicShapes/Cylinder.uasset" 332
"../../../Engine/Content/ArtTools/RenderToTexture/Materials/Debug/M_Emissive_Color.uasset" 333
"../../Plugins/Lumin/MagicLeapPassableWorld/Content/MagicLeapARPinInfoActor.uasset" 334
"../../../Engine/Content/EngineSky/T_Sky_Stars.uasset" 335
"../../../Engine/Content/EngineSky/T_Sky_Clouds_M.uasset" 336
"../../../Engine/Content/EngineSky/T_Sky_Blue.uasset" 337
"../../../Engine/Content/BasicShapes/Cube.uasset" 338
"../../../Engine/Content/VREditor/BasicMeshes/T_CleanFloorGrunge_01_D.uasset" 339
"../../../../../../Unreal Projects/CoopGame/Content/Environment/MF_WorldUVs.uasset" 340
"../../../../../../Unreal Projects/CoopGame/Content/Environment/M_BlockoutSimple.uasset" 341
"../../../../../../Unreal Projects/CoopGame/Content/Environment/MI_BlockoutSimple_Inst.uasset" 342
"../../../../../../Unreal Projects/CoopGame/Content/Environment/M_BasicBox.uasset" 343
"../../../Engine/Content/EngineSky/M_Sky_Panning_Clouds2.uasset" 344
"../../../../../../Unreal Projects/CoopGame/Content/Maps/Blockout_P_BuiltData.uasset" 345
"../../../Engine/Content/EditorBlueprintResources/StandardMacros.uasset" 346
"../../../Engine/Content/Functions/Engine_MaterialFunctions02/Utility/Sine_Remapped.uasset" 347
"../../../../../../Unreal Projects/CoopGame/Content/Powerups/M_PowerupLightFunction.uasset" 348
"../../../../../../Unreal Projects/CoopGame/Content/Powerups/BP_Powerup_Base.uasset" 349
"../../../../../../Unreal Projects/CoopGame/Content/Powerups/M_Powerup.uasset" 350
"../../../../../../Unreal Projects/CoopGame/Content/Powerups/MI_PowerupHealth.uasset" 351
"../../../../../../Unreal Projects/CoopGame/Content/Powerups/HealthIcon.uasset" 352
"../../../../../../Unreal Projects/CoopGame/Content/Powerups/Powerup_HealthRegen.uasset" 353
"../../../../../../Unreal Projects/CoopGame/Content/Powerups/MI_PowerupSpeed.uasset" 354
"../../../../../../Unreal Projects/CoopGame/Content/Powerups/SpeedIcon.uasset" 355
"../../../../../../Unreal Projects/CoopGame/Content/Powerups/Powerup_SuperSpeed.uasset" 356
"../../../../../../Unreal Projects/CoopGame/Content/Powerups/T_CircleMask3.uasset" 357
"../../../../../../Unreal Projects/CoopGame/Content/Powerups/M_PowerupDecal.uasset" 358
"../../../../../../Unreal Projects/CoopGame/Content/Powerups/BP_TestPickup.uasset" 359
"../../../../../../Unreal Projects/CoopGame/Content/Weapons/SK_Rifle_Skeleton.uasset" 360
"../../../../../../Unreal Projects/CoopGame/Content/Weapons/Crosshairs/T_Crosshair_Scanline_M.uasset" 361
"../../../../../../Unreal Projects/CoopGame/Content/Weapons/Crosshairs/T_Crosshair_Horizontal_M.uasset" 362
"../../../../../../Unreal Projects/CoopGame/Content/Weapons/Crosshairs/M_Crosshairs_MultiHolo_Scanline.uasset" 363
"../../../../../../Unreal Projects/CoopGame/Content/Weapons/MagGun_02_N.uasset" 364
"../../../../../../Unreal Projects/CoopGame/Content/Weapons/MI_Rifle02.uasset" 365
"../../../../../../Unreal Projects/CoopGame/Content/Weapons/MI_Rifle01.uasset" 366
"../../../../../../Unreal Projects/CoopGame/Content/Weapons/SK_Rifle.uasset" 367
"../../../../../../Unreal Projects/CoopGame/Content/WeaponEffects/Muzzle/MuzzleTwo_2048_6x6.uasset" 368
"../../../../../../Unreal Projects/CoopGame/Content/WeaponEffects/Muzzle/MuzzleSmokeOne_1024_11x11.uasset" 369
"../../../../../../Unreal Projects/CoopGame/Content/WeaponEffects/Muzzle/MuzzleFlash_Master.uasset" 370
"../../../../../../Unreal Projects/CoopGame/Content/WeaponEffects/Muzzle/MuzzleFlash_Master_Inst.uasset" 371
"../../../../../../Unreal Projects/CoopGame/Content/WeaponEffects/Muzzle/MuzzleFlash_Master_Inst_2.uasset" 372
"../../../../../../Unreal Projects/CoopGame/Content/WeaponEffects/Muzzle/P_Muzzle_Large.uasset" 373
"../../../../../../Unreal Projects/CoopGame/Content/WeaponEffects/GenericImpact/T_SparkCore_2X2.uasset" 374
"../../../../../../Unreal Projects/CoopGame/Content/WeaponEffects/GenericImpact/M_spark_subUV.uasset" 375
"../../../../../../Unreal Projects/CoopGame/Content/WeaponEffects/GenericImpact/Flare_02.uasset" 376
"../../../../../../Unreal Projects/CoopGame/Content/WeaponEffects/GenericImpact/M_LensFlare_02.uasset" 377
"../../../../../../Unreal Projects/CoopGame/Content/WeaponEffects/GenericImpact/P_RifleImpact.uasset" 378
"../../../../../../Unreal Projects/CoopGame/Content/WeaponEffects/BloodImpact/T_BloodSplat_03_SubUV.uasset" 379
"../../../../../../Unreal Projects/CoopGame/Content/WeaponEffects/BloodImpact/M_blood_splash_03.uasset" 380
"../../../../../../Unreal Projects/CoopGame/Content/WeaponEffects/BloodImpact/T_BloodSplatter_Frames01.uasset" 381
"../../../../../../Unreal Projects/CoopGame/Content/WeaponEffects/BloodImpact/M_blood_splash_01.uasset" 382
"../../../../../../Unreal Projects/CoopGame/Content/WeaponEffects/BloodImpact/clouds_dust_detail_01.uasset" 383
"../../../../../../Unreal Projects/CoopGame/Content/WeaponEffects/BloodImpact/M_blood_cloud_01.uasset" 384
"../../../../../../Unreal Projects/CoopGame/Content/WeaponEffects/BloodImpact/P_blood_splash_02.uasset" 385
"../../../../../../Unreal Projects/CoopGame/Content/WeaponEffects/BasicTracer/Beam.uasset" 386
"../../../../../../Unreal Projects/CoopGame/Content/WeaponEffects/BasicTracer/M_Beam.uasset" 387
"../../../../../../Unreal Projects/CoopGame/Content/WeaponEffects/BasicTracer/P_SmokeTrail.uasset" 388
"../../../../../../Unreal Projects/CoopGame/Content/Blueprints/CamShake_RifleFire.uasset" 389
"../../../../../../Unreal Projects/CoopGame/Content/Blueprints/BP_Rifle.uasset" 390
"../../../../../../Unreal Projects/CoopGame/Content/UI/WBP_Crosshair.uasset" 391
"../../../../../../Unreal Projects/CoopGame/Content/UI/T_HealthMask.uasset" 392
"../../../../../../Unreal Projects/CoopGame/Content/UI/M_HealthIndicator.uasset" 393
"../../../../../../Unreal Projects/CoopGame/Content/UI/WBP_HealthIndicator.uasset" 394
"../../../../../../Unreal Projects/CoopGame/Content/Blueprints/PlayerPawn.uasset" 395
"../../../../../../Unreal Projects/CoopGame/Content/Blueprints/BP_GameState.uasset" 396
"../../../../../../Unreal Projects/CoopGame/Content/Blueprints/EnvQueryCOntext_AllPlayers.uasset" 397
"../../../../../../Unreal Projects/CoopGame/Content/Blueprints/EnvQueryContext_BotSpawns.uasset" 398
"../../../../../../Unreal Projects/CoopGame/Content/Blueprints/EQS_FindSpawnLocation.uasset" 399
"../../../../../../Unreal Projects/CoopGame/Content/AdvancedAI/BP_Rifle_AI.uasset" 400
"../../../../../../Unreal Projects/CoopGame/Content/AdvancedAI/EQS_FindNearestPlayer.uasset" 401
"../../../../../../Unreal Projects/CoopGame/Content/AdvancedAI/EnvQueryContext_TargetActor.uasset" 402
"../../../../../../Unreal Projects/CoopGame/Content/AdvancedAI/EQS_FindMoveTo.uasset" 403
"../../../../../../Unreal Projects/CoopGame/Content/AdvancedAI/Task_AttackTarget.uasset" 404
"../../../../../../Unreal Projects/CoopGame/Content/AdvancedAI/Service_SelectTargetActor.uasset" 405
"../../../../../../Unreal Projects/CoopGame/Content/AdvancedAI/Decorator_DistanceTo.uasset" 406
"../../../../../../Unreal Projects/CoopGame/Content/AdvancedAI/BB_AdvancedAI.uasset" 407
"../../../../../../Unreal Projects/CoopGame/Content/AdvancedAI/BT_AdvancedAI.uasset" 408
"../../../../../../Unreal Projects/CoopGame/Content/AdvancedAI/BP_AdvancedAI.uasset" 409
"../../../../../../Unreal Projects/CoopGame/Content/Blueprints/BP_TestGameMode.uasset" 410
"../../../Engine/Content/EngineSky/SM_SkySphere.uasset" 411
"../../../Engine/Content/EngineSky/C_Sky_Zenith_Color.uasset" 412
"../../../Engine/Content/EngineSky/C_Sky_Horizon_Color.uasset" 413
"../../../Engine/Content/EngineSky/C_Sky_Cloud_Color.uasset" 414
"../../../Engine/Content/EngineSky/BP_Sky_Sphere.uasset" 415
"../../../../../../Unreal Projects/CoopGame/Content/Maps/Blockout_P.umap" 416
"../../../Engine/Content/EngineMaterials/Grid.uasset" 417
"../../../Engine/Content/EditorMaterials/Thumbnails/FloorPlaneMaterial.uasset" 418
"../../../Engine/Content/EditorMaterials/Cloth/CameraLitDoubleSided.uasset" 419
"../../../../../../Unreal Projects/CoopGame/Content/Maps/P_Blockout.umap" 420
"../../../Engine/Content/MapTemplates/SM_Template_Map_Floor.uasset" 421
"../../../../../../Unreal Projects/CoopGame/Content/Maps/P_TestMap_BuiltData.uasset" 422
"../../../../../../Unreal Projects/CoopGame/Content/Maps/P_TestMap.umap" 423
"../../../../../../Unreal Projects/CoopGame/Content/AnimStarterPack/Crouch_Idle_Rifle_Ironsights.uasset" 424
"../../../../../../Unreal Projects/CoopGame/Content/AnimStarterPack/Crouch_Walk_Fwd_Rifle_Ironsights.uasset" 425
"../../../../../../Unreal Projects/CoopGame/Content/AnimStarterPack/Equip_Pistol_Standing.uasset" 426
"../../../../../../Unreal Projects/CoopGame/Content/AnimStarterPack/Fire_Rifle_Ironsights.uasset" 427
"../../../../../../Unreal Projects/CoopGame/Content/AnimStarterPack/Hit_React_1.uasset" 428
"../../../../../../Unreal Projects/CoopGame/Content/AnimStarterPack/Hit_React_2.uasset" 429
"../../../../../../Unreal Projects/CoopGame/Content/AnimStarterPack/Hit_React_3.uasset" 430
"../../../../../../Unreal Projects/CoopGame/Content/AnimStarterPack/Idle_Rifle_Hip_Break1.uasset" 431
"../../../../../../Unreal Projects/CoopGame/Content/AnimStarterPack/Idle_Rifle_Hip_Break2.uasset" 432
"../../../../../../Unreal Projects/CoopGame/Content/AnimStarterPack/Reload_Rifle_Hip.uasset" 433
"../../../../../../Unreal Projects/CoopGame/Content/AnimStarterPack/Walk_Fwd_Rifle_Ironsights.uasset" 434
"../../../Engine/Content/TemplateResources/M_Template_Master.uasset" 435
"../../../Engine/Content/TemplateResources/MI_Template_BaseGray_03_Metal.uasset" 436
"../../../../../../Unreal Projects/CoopGame/Content/AnimStarterPack/Showcase.umap" 437
"../../../Engine/Content/Maps/Entry_BuiltData.uasset" 438
"../../../Engine/Content/Maps/Entry.umap" 439
